{"name":"hexo","hostname":"DESKTOP-Q8USAHN","pid":7160,"level":20,"msg":"Writing database to D:\\MyGithub\\sunyuxianggit.github.io/db.json","time":"2019-12-15T09:01:33.330Z","v":0}
{"name":"hexo","hostname":"DESKTOP-Q8USAHN","pid":7160,"level":20,"msg":"Hexo version: 4.0.0","time":"2019-12-15T09:01:33.366Z","v":0}
{"name":"hexo","hostname":"DESKTOP-Q8USAHN","pid":7160,"level":20,"msg":"Working directory: D:\\MyGithub\\sunyuxianggit.github.io\\","time":"2019-12-15T09:01:33.366Z","v":0}
{"name":"hexo","hostname":"DESKTOP-Q8USAHN","pid":7160,"level":20,"msg":"Config loaded: D:\\MyGithub\\sunyuxianggit.github.io\\_config.yml","time":"2019-12-15T09:01:33.790Z","v":0}
{"name":"hexo","hostname":"DESKTOP-Q8USAHN","pid":7160,"level":20,"msg":"Plugin loaded: hexo-browsersync","time":"2019-12-15T09:01:34.512Z","v":0}
{"name":"hexo","hostname":"DESKTOP-Q8USAHN","pid":7160,"level":20,"msg":"Plugin loaded: hexo-deployer-git","time":"2019-12-15T09:01:34.547Z","v":0}
{"name":"hexo","hostname":"DESKTOP-Q8USAHN","pid":7160,"level":20,"msg":"Plugin loaded: hexo-generator-archive","time":"2019-12-15T09:01:34.556Z","v":0}
{"name":"hexo","hostname":"DESKTOP-Q8USAHN","pid":7160,"level":20,"msg":"Plugin loaded: hexo-generator-category","time":"2019-12-15T09:01:34.560Z","v":0}
{"name":"hexo","hostname":"DESKTOP-Q8USAHN","pid":7160,"level":20,"msg":"Plugin loaded: hexo-generator-feed","time":"2019-12-15T09:01:34.572Z","v":0}
{"name":"hexo","hostname":"DESKTOP-Q8USAHN","pid":7160,"level":20,"msg":"Plugin loaded: hexo-generator-index","time":"2019-12-15T09:01:34.578Z","v":0}
{"name":"hexo","hostname":"DESKTOP-Q8USAHN","pid":7160,"level":20,"msg":"Plugin loaded: hexo-generator-sitemap","time":"2019-12-15T09:01:34.589Z","v":0}
{"name":"hexo","hostname":"DESKTOP-Q8USAHN","pid":7160,"level":20,"msg":"Plugin loaded: hexo-generator-tag","time":"2019-12-15T09:01:34.595Z","v":0}
{"name":"hexo","hostname":"DESKTOP-Q8USAHN","pid":7160,"level":20,"msg":"Plugin loaded: hexo-renderer-ejs","time":"2019-12-15T09:01:34.606Z","v":0}
{"name":"hexo","hostname":"DESKTOP-Q8USAHN","pid":7160,"level":20,"msg":"Plugin loaded: hexo-renderer-marked","time":"2019-12-15T09:01:34.736Z","v":0}
{"name":"hexo","hostname":"DESKTOP-Q8USAHN","pid":7160,"level":20,"msg":"Plugin loaded: hexo-renderer-jade","time":"2019-12-15T09:01:35.854Z","v":0}
{"name":"hexo","hostname":"DESKTOP-Q8USAHN","pid":7160,"level":20,"msg":"Plugin loaded: hexo-renderer-stylus","time":"2019-12-15T09:01:36.132Z","v":0}
{"name":"hexo","hostname":"DESKTOP-Q8USAHN","pid":7160,"level":20,"msg":"Plugin loaded: hexo-server","time":"2019-12-15T09:01:36.317Z","v":0}
{"name":"hexo","hostname":"DESKTOP-Q8USAHN","pid":7160,"level":20,"msg":"Script loaded: themes\\melody\\scripts\\gallery-tag.js","time":"2019-12-15T09:01:36.321Z","v":0}
{"name":"hexo","hostname":"DESKTOP-Q8USAHN","pid":7160,"level":20,"msg":"Script loaded: themes\\melody\\scripts\\hexo-plugins.txt","time":"2019-12-15T09:01:36.321Z","v":0}
{"name":"hexo","hostname":"DESKTOP-Q8USAHN","pid":7160,"level":20,"msg":"Script loaded: themes\\melody\\scripts\\replace-config.js","time":"2019-12-15T09:01:36.323Z","v":0}
{"name":"hexo","hostname":"DESKTOP-Q8USAHN","pid":7160,"level":20,"msg":"Loading database.","time":"2019-12-15T09:01:36.549Z","v":0}
{"name":"hexo","hostname":"DESKTOP-Q8USAHN","pid":7160,"level":30,"msg":"Start processing","time":"2019-12-15T09:01:36.621Z","v":0}
{"name":"hexo","hostname":"DESKTOP-Q8USAHN","pid":7160,"level":20,"msg":"Processed: categories/index.md","time":"2019-12-15T09:01:36.671Z","v":0}
{"name":"hexo","hostname":"DESKTOP-Q8USAHN","pid":7160,"level":20,"msg":"Processed: _posts/Git-学习笔记.md","time":"2019-12-15T09:01:36.671Z","v":0}
{"name":"hexo","hostname":"DESKTOP-Q8USAHN","pid":7160,"level":20,"msg":"Processed: _posts/使用hexo创建个人blog网页的笔记.md","time":"2019-12-15T09:01:36.671Z","v":0}
{"name":"hexo","hostname":"DESKTOP-Q8USAHN","pid":7160,"level":20,"msg":"Processed: tags/index.md","time":"2019-12-15T09:01:36.672Z","v":0}
{"name":"hexo","hostname":"DESKTOP-Q8USAHN","pid":7160,"level":20,"msg":"Processed: source/melody-favicon.ico","time":"2019-12-15T09:01:36.673Z","v":0}
{"name":"hexo","hostname":"DESKTOP-Q8USAHN","pid":7160,"level":50,"msg":"Theme config load failed.","time":"2019-12-15T09:01:36.695Z","v":0}
{"name":"hexo","hostname":"DESKTOP-Q8USAHN","pid":7160,"level":20,"msg":"Processed: source/css/index.styl","time":"2019-12-15T09:01:36.696Z","v":0}
{"name":"hexo","hostname":"DESKTOP-Q8USAHN","pid":7160,"level":50,"err":{"message":"can not read a block mapping entry; a multiline key may not be an implicit key at line 93, column 17:\n    google_analytics:\n                    ^","name":"YAMLException","stack":"YAMLException: can not read a block mapping entry; a multiline key may not be an implicit key at line 93, column 17:\n    google_analytics:\n                    ^\n    at generateError (D:\\MyGithub\\sunyuxianggit.github.io\\node_modules\\js-yaml\\lib\\js-yaml\\loader.js:167:10)\n    at throwError (D:\\MyGithub\\sunyuxianggit.github.io\\node_modules\\js-yaml\\lib\\js-yaml\\loader.js:173:9)\n    at readBlockMapping (D:\\MyGithub\\sunyuxianggit.github.io\\node_modules\\js-yaml\\lib\\js-yaml\\loader.js:1073:9)\n    at composeNode (D:\\MyGithub\\sunyuxianggit.github.io\\node_modules\\js-yaml\\lib\\js-yaml\\loader.js:1359:12)\n    at readDocument (D:\\MyGithub\\sunyuxianggit.github.io\\node_modules\\js-yaml\\lib\\js-yaml\\loader.js:1519:3)\n    at loadDocuments (D:\\MyGithub\\sunyuxianggit.github.io\\node_modules\\js-yaml\\lib\\js-yaml\\loader.js:1575:5)\n    at Object.load (D:\\MyGithub\\sunyuxianggit.github.io\\node_modules\\js-yaml\\lib\\js-yaml\\loader.js:1596:19)\n    at Hexo.yamlHelper (D:\\MyGithub\\sunyuxianggit.github.io\\node_modules\\hexo\\lib\\plugins\\renderer\\yaml.js:7:15)\n    at Hexo.tryCatcher (D:\\MyGithub\\sunyuxianggit.github.io\\node_modules\\bluebird\\js\\release\\util.js:16:23)\n    at Hexo.<anonymous> (D:\\MyGithub\\sunyuxianggit.github.io\\node_modules\\bluebird\\js\\release\\method.js:15:34)\n    at D:\\MyGithub\\sunyuxianggit.github.io\\node_modules\\hexo\\lib\\hexo\\render.js:60:20\n    at tryCatcher (D:\\MyGithub\\sunyuxianggit.github.io\\node_modules\\bluebird\\js\\release\\util.js:16:23)\n    at Promise._settlePromiseFromHandler (D:\\MyGithub\\sunyuxianggit.github.io\\node_modules\\bluebird\\js\\release\\promise.js:547:31)\n    at Promise._settlePromise (D:\\MyGithub\\sunyuxianggit.github.io\\node_modules\\bluebird\\js\\release\\promise.js:604:18)\n    at Promise._settlePromise0 (D:\\MyGithub\\sunyuxianggit.github.io\\node_modules\\bluebird\\js\\release\\promise.js:649:10)\n    at Promise._settlePromises (D:\\MyGithub\\sunyuxianggit.github.io\\node_modules\\bluebird\\js\\release\\promise.js:729:18)\n    at _drainQueueStep (D:\\MyGithub\\sunyuxianggit.github.io\\node_modules\\bluebird\\js\\release\\async.js:93:12)\n    at _drainQueue (D:\\MyGithub\\sunyuxianggit.github.io\\node_modules\\bluebird\\js\\release\\async.js:86:9)\n    at Async._drainQueues (D:\\MyGithub\\sunyuxianggit.github.io\\node_modules\\bluebird\\js\\release\\async.js:102:5)\n    at Immediate.Async.drainQueues [as _onImmediate] (D:\\MyGithub\\sunyuxianggit.github.io\\node_modules\\bluebird\\js\\release\\async.js:15:14)\n    at processImmediate (internal/timers.js:439:21)"},"msg":"Process failed: _config.yml","time":"2019-12-15T09:01:36.696Z","v":0}
{"name":"hexo","hostname":"DESKTOP-Q8USAHN","pid":7160,"level":20,"msg":"Processed: source/css/var.styl","time":"2019-12-15T09:01:36.697Z","v":0}
{"name":"hexo","hostname":"DESKTOP-Q8USAHN","pid":7160,"level":20,"msg":"Processed: source/img/algolia.svg","time":"2019-12-15T09:01:36.697Z","v":0}
{"name":"hexo","hostname":"DESKTOP-Q8USAHN","pid":7160,"level":20,"msg":"Processed: source/img/avatar.png","time":"2019-12-15T09:01:36.697Z","v":0}
{"name":"hexo","hostname":"DESKTOP-Q8USAHN","pid":7160,"level":20,"msg":"Processed: source/js/fancybox.js","time":"2019-12-15T09:01:36.697Z","v":0}
{"name":"hexo","hostname":"DESKTOP-Q8USAHN","pid":7160,"level":20,"msg":"Processed: source/js/copy.js","time":"2019-12-15T09:01:36.698Z","v":0}
{"name":"hexo","hostname":"DESKTOP-Q8USAHN","pid":7160,"level":20,"msg":"Processed: source/js/fireworks.js","time":"2019-12-15T09:01:36.698Z","v":0}
{"name":"hexo","hostname":"DESKTOP-Q8USAHN","pid":7160,"level":20,"msg":"Processed: source/js/head.js","time":"2019-12-15T09:01:36.698Z","v":0}
{"name":"hexo","hostname":"DESKTOP-Q8USAHN","pid":7160,"level":20,"msg":"Processed: source/js/hexo-theme-melody.js","time":"2019-12-15T09:01:36.699Z","v":0}
{"name":"hexo","hostname":"DESKTOP-Q8USAHN","pid":7160,"level":20,"msg":"Processed: source/js/scroll.js","time":"2019-12-15T09:01:36.699Z","v":0}
{"name":"hexo","hostname":"DESKTOP-Q8USAHN","pid":7160,"level":20,"msg":"Processed: source/js/sidebar.js","time":"2019-12-15T09:01:36.699Z","v":0}
{"name":"hexo","hostname":"DESKTOP-Q8USAHN","pid":7160,"level":20,"msg":"Processed: source/js/transition.js","time":"2019-12-15T09:01:36.699Z","v":0}
{"name":"hexo","hostname":"DESKTOP-Q8USAHN","pid":7160,"level":20,"msg":"Processed: source/js/utils.js","time":"2019-12-15T09:01:36.700Z","v":0}
{"name":"hexo","hostname":"DESKTOP-Q8USAHN","pid":7160,"level":20,"msg":"Processed: layout/archive.pug","time":"2019-12-15T09:01:38.790Z","v":0}
{"name":"hexo","hostname":"DESKTOP-Q8USAHN","pid":7160,"level":20,"msg":"Processed: layout/category.pug","time":"2019-12-15T09:01:38.791Z","v":0}
{"name":"hexo","hostname":"DESKTOP-Q8USAHN","pid":7160,"level":20,"msg":"Processed: layout/gallery.pug","time":"2019-12-15T09:01:38.791Z","v":0}
{"name":"hexo","hostname":"DESKTOP-Q8USAHN","pid":7160,"level":20,"msg":"Processed: layout/index.pug","time":"2019-12-15T09:01:38.791Z","v":0}
{"name":"hexo","hostname":"DESKTOP-Q8USAHN","pid":7160,"level":20,"msg":"Processed: layout/page.pug","time":"2019-12-15T09:01:38.791Z","v":0}
{"name":"hexo","hostname":"DESKTOP-Q8USAHN","pid":7160,"level":20,"msg":"Processed: layout/post.pug","time":"2019-12-15T09:01:38.791Z","v":0}
{"name":"hexo","hostname":"DESKTOP-Q8USAHN","pid":7160,"level":20,"msg":"Processed: layout/slides.pug","time":"2019-12-15T09:01:38.791Z","v":0}
{"name":"hexo","hostname":"DESKTOP-Q8USAHN","pid":7160,"level":20,"msg":"Processed: layout/tag.pug","time":"2019-12-15T09:01:38.791Z","v":0}
{"name":"hexo","hostname":"DESKTOP-Q8USAHN","pid":7160,"level":50,"err":{"message":"can not read a block mapping entry; a multiline key may not be an implicit key at line 93, column 17:\n    google_analytics:\n                    ^","name":"YAMLException","stack":"YAMLException: can not read a block mapping entry; a multiline key may not be an implicit key at line 93, column 17:\n    google_analytics:\n                    ^\n    at generateError (D:\\MyGithub\\sunyuxianggit.github.io\\node_modules\\js-yaml\\lib\\js-yaml\\loader.js:167:10)\n    at throwError (D:\\MyGithub\\sunyuxianggit.github.io\\node_modules\\js-yaml\\lib\\js-yaml\\loader.js:173:9)\n    at readBlockMapping (D:\\MyGithub\\sunyuxianggit.github.io\\node_modules\\js-yaml\\lib\\js-yaml\\loader.js:1073:9)\n    at composeNode (D:\\MyGithub\\sunyuxianggit.github.io\\node_modules\\js-yaml\\lib\\js-yaml\\loader.js:1359:12)\n    at readDocument (D:\\MyGithub\\sunyuxianggit.github.io\\node_modules\\js-yaml\\lib\\js-yaml\\loader.js:1519:3)\n    at loadDocuments (D:\\MyGithub\\sunyuxianggit.github.io\\node_modules\\js-yaml\\lib\\js-yaml\\loader.js:1575:5)\n    at Object.load (D:\\MyGithub\\sunyuxianggit.github.io\\node_modules\\js-yaml\\lib\\js-yaml\\loader.js:1596:19)\n    at Hexo.yamlHelper (D:\\MyGithub\\sunyuxianggit.github.io\\node_modules\\hexo\\lib\\plugins\\renderer\\yaml.js:7:15)\n    at Hexo.tryCatcher (D:\\MyGithub\\sunyuxianggit.github.io\\node_modules\\bluebird\\js\\release\\util.js:16:23)\n    at Hexo.<anonymous> (D:\\MyGithub\\sunyuxianggit.github.io\\node_modules\\bluebird\\js\\release\\method.js:15:34)\n    at D:\\MyGithub\\sunyuxianggit.github.io\\node_modules\\hexo\\lib\\hexo\\render.js:60:20\n    at tryCatcher (D:\\MyGithub\\sunyuxianggit.github.io\\node_modules\\bluebird\\js\\release\\util.js:16:23)\n    at Promise._settlePromiseFromHandler (D:\\MyGithub\\sunyuxianggit.github.io\\node_modules\\bluebird\\js\\release\\promise.js:547:31)\n    at Promise._settlePromise (D:\\MyGithub\\sunyuxianggit.github.io\\node_modules\\bluebird\\js\\release\\promise.js:604:18)\n    at Promise._settlePromise0 (D:\\MyGithub\\sunyuxianggit.github.io\\node_modules\\bluebird\\js\\release\\promise.js:649:10)\n    at Promise._settlePromises (D:\\MyGithub\\sunyuxianggit.github.io\\node_modules\\bluebird\\js\\release\\promise.js:729:18)\n    at _drainQueueStep (D:\\MyGithub\\sunyuxianggit.github.io\\node_modules\\bluebird\\js\\release\\async.js:93:12)\n    at _drainQueue (D:\\MyGithub\\sunyuxianggit.github.io\\node_modules\\bluebird\\js\\release\\async.js:86:9)\n    at Async._drainQueues (D:\\MyGithub\\sunyuxianggit.github.io\\node_modules\\bluebird\\js\\release\\async.js:102:5)\n    at Immediate.Async.drainQueues [as _onImmediate] (D:\\MyGithub\\sunyuxianggit.github.io\\node_modules\\bluebird\\js\\release\\async.js:15:14)\n    at processImmediate (internal/timers.js:439:21)"},"msg":"Process failed: _data/melody.yml","time":"2019-12-15T09:01:38.799Z","v":0}
{"name":"hexo","hostname":"DESKTOP-Q8USAHN","pid":7160,"level":20,"msg":"Processed: languages/default.yml","time":"2019-12-15T09:01:38.800Z","v":0}
{"name":"hexo","hostname":"DESKTOP-Q8USAHN","pid":7160,"level":20,"msg":"Processed: languages/en.yml","time":"2019-12-15T09:01:38.800Z","v":0}
{"name":"hexo","hostname":"DESKTOP-Q8USAHN","pid":7160,"level":20,"msg":"Processed: languages/zh-Hans.yml","time":"2019-12-15T09:01:38.800Z","v":0}
{"name":"hexo","hostname":"DESKTOP-Q8USAHN","pid":7160,"level":20,"msg":"Processed: source/js/search/algolia.js","time":"2019-12-15T09:01:38.800Z","v":0}
{"name":"hexo","hostname":"DESKTOP-Q8USAHN","pid":7160,"level":20,"msg":"Processed: source/js/search/local-search.js","time":"2019-12-15T09:01:38.801Z","v":0}
{"name":"hexo","hostname":"DESKTOP-Q8USAHN","pid":7160,"level":20,"msg":"Processed: source/js/third-party/anime.min.js","time":"2019-12-15T09:01:38.801Z","v":0}
{"name":"hexo","hostname":"DESKTOP-Q8USAHN","pid":7160,"level":20,"msg":"Processed: source/js/third-party/jquery.fancybox.min.js","time":"2019-12-15T09:01:38.805Z","v":0}
{"name":"hexo","hostname":"DESKTOP-Q8USAHN","pid":7160,"level":20,"msg":"Processed: source/js/third-party/jquery.min.js","time":"2019-12-15T09:01:38.806Z","v":0}
{"name":"hexo","hostname":"DESKTOP-Q8USAHN","pid":7160,"level":20,"msg":"Processed: source/js/third-party/velocity.min.js","time":"2019-12-15T09:01:38.806Z","v":0}
{"name":"hexo","hostname":"DESKTOP-Q8USAHN","pid":7160,"level":20,"msg":"Processed: source/js/third-party/velocity.ui.min.js","time":"2019-12-15T09:01:38.807Z","v":0}
{"name":"hexo","hostname":"DESKTOP-Q8USAHN","pid":7160,"level":20,"msg":"Processed: layout/includes/additional-js.pug","time":"2019-12-15T09:01:39.142Z","v":0}
{"name":"hexo","hostname":"DESKTOP-Q8USAHN","pid":7160,"level":20,"msg":"Processed: layout/includes/config.pug","time":"2019-12-15T09:01:39.142Z","v":0}
{"name":"hexo","hostname":"DESKTOP-Q8USAHN","pid":7160,"level":20,"msg":"Processed: layout/includes/footer.pug","time":"2019-12-15T09:01:39.142Z","v":0}
{"name":"hexo","hostname":"DESKTOP-Q8USAHN","pid":7160,"level":20,"msg":"Processed: layout/includes/header.pug","time":"2019-12-15T09:01:39.143Z","v":0}
{"name":"hexo","hostname":"DESKTOP-Q8USAHN","pid":7160,"level":20,"msg":"Processed: layout/includes/layout.pug","time":"2019-12-15T09:01:39.143Z","v":0}
{"name":"hexo","hostname":"DESKTOP-Q8USAHN","pid":7160,"level":20,"msg":"Processed: layout/includes/nav.pug","time":"2019-12-15T09:01:39.143Z","v":0}
{"name":"hexo","hostname":"DESKTOP-Q8USAHN","pid":7160,"level":20,"msg":"Processed: layout/includes/pagination.pug","time":"2019-12-15T09:01:39.143Z","v":0}
{"name":"hexo","hostname":"DESKTOP-Q8USAHN","pid":7160,"level":20,"msg":"Processed: layout/includes/recent-posts.pug","time":"2019-12-15T09:01:39.143Z","v":0}
{"name":"hexo","hostname":"DESKTOP-Q8USAHN","pid":7160,"level":20,"msg":"Processed: layout/includes/head.pug","time":"2019-12-15T09:01:39.143Z","v":0}
{"name":"hexo","hostname":"DESKTOP-Q8USAHN","pid":7160,"level":20,"msg":"Processed: layout/includes/sidebar.pug","time":"2019-12-15T09:01:39.143Z","v":0}
{"name":"hexo","hostname":"DESKTOP-Q8USAHN","pid":7160,"level":20,"msg":"Processed: source/js/third-party/reveal/head.min.js","time":"2019-12-15T09:01:39.145Z","v":0}
{"name":"hexo","hostname":"DESKTOP-Q8USAHN","pid":7160,"level":20,"msg":"Processed: source/js/third-party/reveal/highlight.min.js","time":"2019-12-15T09:01:39.145Z","v":0}
{"name":"hexo","hostname":"DESKTOP-Q8USAHN","pid":7160,"level":20,"msg":"Processed: source/js/third-party/reveal/markdown.min.js","time":"2019-12-15T09:01:39.145Z","v":0}
{"name":"hexo","hostname":"DESKTOP-Q8USAHN","pid":7160,"level":20,"msg":"Processed: source/js/third-party/reveal/marked.min.js","time":"2019-12-15T09:01:39.146Z","v":0}
{"name":"hexo","hostname":"DESKTOP-Q8USAHN","pid":7160,"level":20,"msg":"Processed: source/js/third-party/reveal/math.min.js","time":"2019-12-15T09:01:39.146Z","v":0}
{"name":"hexo","hostname":"DESKTOP-Q8USAHN","pid":7160,"level":20,"msg":"Processed: source/js/third-party/reveal/notes.min.js","time":"2019-12-15T09:01:39.146Z","v":0}
{"name":"hexo","hostname":"DESKTOP-Q8USAHN","pid":7160,"level":20,"msg":"Processed: source/js/third-party/reveal/reveal.min.js","time":"2019-12-15T09:01:39.147Z","v":0}
{"name":"hexo","hostname":"DESKTOP-Q8USAHN","pid":7160,"level":20,"msg":"Processed: source/js/third-party/reveal/zoom.min.js","time":"2019-12-15T09:01:39.147Z","v":0}
{"name":"hexo","hostname":"DESKTOP-Q8USAHN","pid":7160,"level":20,"msg":"Processed: layout/includes/comments/disqus.pug","time":"2019-12-15T09:01:39.448Z","v":0}
{"name":"hexo","hostname":"DESKTOP-Q8USAHN","pid":7160,"level":20,"msg":"Processed: layout/includes/comments/gitalk.pug","time":"2019-12-15T09:01:39.448Z","v":0}
{"name":"hexo","hostname":"DESKTOP-Q8USAHN","pid":7160,"level":20,"msg":"Processed: layout/includes/comments/gitment.pug","time":"2019-12-15T09:01:39.448Z","v":0}
{"name":"hexo","hostname":"DESKTOP-Q8USAHN","pid":7160,"level":20,"msg":"Processed: layout/includes/comments/index.pug","time":"2019-12-15T09:01:39.449Z","v":0}
{"name":"hexo","hostname":"DESKTOP-Q8USAHN","pid":7160,"level":20,"msg":"Processed: layout/includes/comments/laibili.pug","time":"2019-12-15T09:01:39.449Z","v":0}
{"name":"hexo","hostname":"DESKTOP-Q8USAHN","pid":7160,"level":20,"msg":"Processed: layout/includes/comments/valine.pug","time":"2019-12-15T09:01:39.449Z","v":0}
{"name":"hexo","hostname":"DESKTOP-Q8USAHN","pid":7160,"level":20,"msg":"Processed: layout/includes/count/busuanzi.pug","time":"2019-12-15T09:01:39.449Z","v":0}
{"name":"hexo","hostname":"DESKTOP-Q8USAHN","pid":7160,"level":20,"msg":"Processed: layout/includes/gallery/layout.pug","time":"2019-12-15T09:01:39.449Z","v":0}
{"name":"hexo","hostname":"DESKTOP-Q8USAHN","pid":7160,"level":20,"msg":"Processed: layout/includes/mixins/slide.pug","time":"2019-12-15T09:01:39.449Z","v":0}
{"name":"hexo","hostname":"DESKTOP-Q8USAHN","pid":7160,"level":20,"msg":"Processed: layout/includes/gallery/script.pug","time":"2019-12-15T09:01:39.449Z","v":0}
{"name":"hexo","hostname":"DESKTOP-Q8USAHN","pid":7160,"level":20,"msg":"Processed: layout/includes/mixins/article-sort.pug","time":"2019-12-15T09:01:39.450Z","v":0}
{"name":"hexo","hostname":"DESKTOP-Q8USAHN","pid":7160,"level":20,"msg":"Processed: layout/includes/search/algolia.pug","time":"2019-12-15T09:01:39.450Z","v":0}
{"name":"hexo","hostname":"DESKTOP-Q8USAHN","pid":7160,"level":20,"msg":"Processed: layout/includes/search/index.pug","time":"2019-12-15T09:01:39.450Z","v":0}
{"name":"hexo","hostname":"DESKTOP-Q8USAHN","pid":7160,"level":20,"msg":"Processed: layout/includes/share/index.pug","time":"2019-12-15T09:01:39.450Z","v":0}
{"name":"hexo","hostname":"DESKTOP-Q8USAHN","pid":7160,"level":20,"msg":"Processed: layout/includes/search/local-search.pug","time":"2019-12-15T09:01:39.450Z","v":0}
{"name":"hexo","hostname":"DESKTOP-Q8USAHN","pid":7160,"level":20,"msg":"Processed: layout/includes/share/add-this.pug","time":"2019-12-15T09:01:39.450Z","v":0}
{"name":"hexo","hostname":"DESKTOP-Q8USAHN","pid":7160,"level":20,"msg":"Processed: layout/includes/share/share-js.pug","time":"2019-12-15T09:01:39.450Z","v":0}
{"name":"hexo","hostname":"DESKTOP-Q8USAHN","pid":7160,"level":20,"msg":"Processed: layout/includes/slide/layout.pug","time":"2019-12-15T09:01:39.451Z","v":0}
{"name":"hexo","hostname":"DESKTOP-Q8USAHN","pid":7160,"level":20,"msg":"Processed: layout/includes/slide/script.pug","time":"2019-12-15T09:01:39.451Z","v":0}
{"name":"hexo","hostname":"DESKTOP-Q8USAHN","pid":7160,"level":20,"msg":"Processed: layout/includes/third-party/katex.pug","time":"2019-12-15T09:01:39.451Z","v":0}
{"name":"hexo","hostname":"DESKTOP-Q8USAHN","pid":7160,"level":20,"msg":"Processed: layout/includes/third-party/mathjax.pug","time":"2019-12-15T09:01:39.451Z","v":0}
{"name":"hexo","hostname":"DESKTOP-Q8USAHN","pid":7160,"level":20,"msg":"Processed: source/css/_layout/comments.styl","time":"2019-12-15T09:01:39.451Z","v":0}
{"name":"hexo","hostname":"DESKTOP-Q8USAHN","pid":7160,"level":20,"msg":"Processed: source/css/_layout/footer.styl","time":"2019-12-15T09:01:39.451Z","v":0}
{"name":"hexo","hostname":"DESKTOP-Q8USAHN","pid":7160,"level":20,"msg":"Processed: source/css/_layout/head.styl","time":"2019-12-15T09:01:39.451Z","v":0}
{"name":"hexo","hostname":"DESKTOP-Q8USAHN","pid":7160,"level":20,"msg":"Processed: source/css/_layout/page.styl","time":"2019-12-15T09:01:39.451Z","v":0}
{"name":"hexo","hostname":"DESKTOP-Q8USAHN","pid":7160,"level":20,"msg":"Processed: source/css/_layout/pagination.styl","time":"2019-12-15T09:01:39.452Z","v":0}
{"name":"hexo","hostname":"DESKTOP-Q8USAHN","pid":7160,"level":20,"msg":"Processed: source/css/_layout/post.styl","time":"2019-12-15T09:01:39.452Z","v":0}
{"name":"hexo","hostname":"DESKTOP-Q8USAHN","pid":7160,"level":20,"msg":"Processed: source/css/_layout/sidebar.styl","time":"2019-12-15T09:01:39.452Z","v":0}
{"name":"hexo","hostname":"DESKTOP-Q8USAHN","pid":7160,"level":20,"msg":"Generator: page","time":"2019-12-15T09:01:39.851Z","v":0}
{"name":"hexo","hostname":"DESKTOP-Q8USAHN","pid":7160,"level":20,"msg":"Generator: post","time":"2019-12-15T09:01:39.851Z","v":0}
{"name":"hexo","hostname":"DESKTOP-Q8USAHN","pid":7160,"level":20,"msg":"Generator: archive","time":"2019-12-15T09:01:39.851Z","v":0}
{"name":"hexo","hostname":"DESKTOP-Q8USAHN","pid":7160,"level":20,"msg":"Generator: category","time":"2019-12-15T09:01:39.851Z","v":0}
{"name":"hexo","hostname":"DESKTOP-Q8USAHN","pid":7160,"level":20,"msg":"Generator: atom","time":"2019-12-15T09:01:39.852Z","v":0}
{"name":"hexo","hostname":"DESKTOP-Q8USAHN","pid":7160,"level":20,"msg":"Generator: index","time":"2019-12-15T09:01:39.852Z","v":0}
{"name":"hexo","hostname":"DESKTOP-Q8USAHN","pid":7160,"level":20,"msg":"Generator: sitemap","time":"2019-12-15T09:01:39.852Z","v":0}
{"name":"hexo","hostname":"DESKTOP-Q8USAHN","pid":7160,"level":20,"msg":"Generator: tag","time":"2019-12-15T09:01:39.852Z","v":0}
{"name":"hexo","hostname":"DESKTOP-Q8USAHN","pid":7160,"level":20,"msg":"Generator: asset","time":"2019-12-15T09:01:39.853Z","v":0}
{"name":"hexo","hostname":"DESKTOP-Q8USAHN","pid":7160,"level":30,"msg":"Hexo is running at http://localhost:4000 . Press Ctrl+C to stop.","time":"2019-12-15T09:01:39.860Z","v":0}
{"name":"hexo","hostname":"DESKTOP-Q8USAHN","pid":7160,"level":20,"msg":"Database saved","time":"2019-12-15T09:01:39.874Z","v":0}
{"name":"hexo","hostname":"DESKTOP-Q8USAHN","pid":7160,"level":20,"msg":"Rendering HTML index: index.html","time":"2019-12-15T09:02:08.258Z","v":0}
{"name":"hexo","hostname":"DESKTOP-Q8USAHN","pid":7160,"level":20,"msg":"Rendering HTML index: index.html","time":"2019-12-15T09:04:08.261Z","v":0}
{"name":"hexo","hostname":"DESKTOP-Q8USAHN","pid":7160,"level":20,"msg":"Rendering HTML index: index.html","time":"2019-12-15T09:06:08.537Z","v":0}
{"name":"hexo","hostname":"DESKTOP-Q8USAHN","pid":7160,"level":20,"msg":"Rendering HTML index: index.html","time":"2019-12-15T09:08:08.540Z","v":0}
{"name":"hexo","hostname":"DESKTOP-Q8USAHN","pid":7160,"level":20,"msg":"Rendering HTML index: index.html","time":"2019-12-15T09:10:13.611Z","v":0}
{"name":"hexo","hostname":"DESKTOP-Q8USAHN","pid":7160,"level":20,"msg":"Rendering HTML index: index.html","time":"2019-12-15T09:12:13.615Z","v":0}
{"name":"hexo","hostname":"DESKTOP-Q8USAHN","pid":7160,"level":20,"msg":"Rendering HTML index: index.html","time":"2019-12-15T09:14:43.650Z","v":0}
{"name":"hexo","hostname":"DESKTOP-Q8USAHN","pid":7160,"level":20,"msg":"Rendering HTML index: index.html","time":"2019-12-15T09:16:43.652Z","v":0}
{"name":"hexo","hostname":"DESKTOP-Q8USAHN","pid":7160,"level":20,"msg":"Rendering HTML index: index.html","time":"2019-12-15T09:19:43.700Z","v":0}
{"name":"hexo","hostname":"DESKTOP-Q8USAHN","pid":7160,"level":20,"msg":"Rendering HTML index: index.html","time":"2019-12-15T09:21:43.703Z","v":0}
{"name":"hexo","hostname":"DESKTOP-Q8USAHN","pid":7160,"level":20,"msg":"Rendering HTML index: index.html","time":"2019-12-15T09:28:43.767Z","v":0}
{"name":"hexo","hostname":"DESKTOP-Q8USAHN","pid":7160,"level":20,"msg":"Rendering HTML index: index.html","time":"2019-12-15T09:28:45.615Z","v":0}
{"name":"hexo","hostname":"DESKTOP-Q8USAHN","pid":7160,"level":20,"msg":"Rendering HTML index: index.html","time":"2019-12-15T09:28:53.401Z","v":0}
{"name":"hexo","hostname":"DESKTOP-Q8USAHN","pid":7160,"level":20,"msg":"Rendering HTML index: index.html","time":"2019-12-15T09:29:05.773Z","v":0}
{"name":"hexo","hostname":"DESKTOP-Q8USAHN","pid":7160,"level":20,"msg":"Rendering HTML index: index.html","time":"2019-12-15T09:29:12.724Z","v":0}
{"name":"hexo","hostname":"DESKTOP-Q8USAHN","pid":7160,"level":30,"msg":"Catch you later","time":"2019-12-15T09:29:17.354Z","v":0}
{"name":"hexo","hostname":"DESKTOP-Q8USAHN","pid":7160,"level":20,"msg":"Database saved","time":"2019-12-15T09:29:17.372Z","v":0}
